<?xml version="1.0" encoding="UTF-8"?>
<!-- Generated by org.testng.reporters.JUnitXMLReporter -->
<testsuite ignored="0" hostname="DESKTOP-NGCGI2U" failures="0" tests="2" name="Cart Functionality Test" time="7.538" errors="0" timestamp="2025-08-26T22:44:37 AEST">
  <testcase classname="com.mycompany.selenium_automation_project.tests.SauceDemoAddToCartTest" name="addSingleItemToCart_shouldShowBadgeAndItemInCart" time="1.742"/>
  <testcase classname="com.mycompany.selenium_automation_project.tests.SauceDemoAddToCartTest" name="removeItemFromCart_shouldEmptyCartAndHideBadge" time="1.631"/>
</testsuite> <!-- Cart Functionality Test -->
