<?xml version="1.0" encoding="UTF-8"?>
<!-- Generated by org.testng.reporters.JUnitXMLReporter -->
<testsuite ignored="0" hostname="DESKTOP-NGCGI2U" failures="0" tests="2" name="Cart Functionality Test" time="9.007" errors="0" timestamp="2025-08-26T21:43:51 AEST">
  <testcase classname="com.mycompany.selenium_automation_project.tests.SauceDemoAddToCartTest" name="addSingleItemToCart_shouldShowBadgeAndItemInCart" time="2.082"/>
  <testcase classname="com.mycompany.selenium_automation_project.tests.SauceDemoAddToCartTest" name="removeItemFromCart_shouldEmptyCartAndHideBadge" time="1.696"/>
</testsuite> <!-- Cart Functionality Test -->
