<?xml version="1.0" encoding="UTF-8"?>
<!-- Generated by org.testng.reporters.JUnitXMLReporter -->
<testsuite ignored="0" hostname="DESKTOP-NGCGI2U" failures="0" tests="2" name="Login Functionality Test" time="6.211" errors="0" timestamp="2025-08-25T13:39:11 AEST">
  <testcase classname="com.mycompany.selenium_automation_project.tests.SauceDemoLoginValidTest" name="loginWithValidCredentials_shouldNavigateToProducts" time="1.233"/>
  <testcase classname="com.mycompany.selenium_automation_project.tests.SauceDemoLoginInvalidTest" name="loginWithInvalidPassword_shouldShowErrorAndStayOnLogin" time="1.245"/>
</testsuite> <!-- Login Functionality Test -->
