<?xml version="1.0" encoding="UTF-8"?>
<!-- Generated by org.testng.reporters.JUnitXMLReporter -->
<testsuite ignored="0" hostname="DESKTOP-NGCGI2U" failures="0" tests="3" name="Login Functionality Tests" time="11.155" errors="0" timestamp="2025-08-25T17:38:54 AEST">
  <testcase classname="com.mycompany.selenium_automation_project.tests.SauceDemoLoginValidTest" name="loginWithValidCredentials_shouldNavigateToProducts" time="1.873"/>
  <testcase classname="com.mycompany.selenium_automation_project.tests.SauceDemoLoginInvalidTest" name="loginWithInvalidPassword_shouldShowErrorAndStayOnLogin" time="1.19"/>
  <testcase classname="com.mycompany.selenium_automation_project.tests.SauceDemoLoginLockedOutTest" name="loginWithLockedOutUser_shouldShowLockedOutError" time="1.178"/>
</testsuite> <!-- Login Functionality Tests -->
