<?xml version="1.0" encoding="UTF-8"?>
<!-- Generated by org.testng.reporters.JUnitXMLReporter -->
<testsuite ignored="0" hostname="DESKTOP-NGCGI2U" failures="0" tests="13" name="All Tests" time="35.38" errors="0" timestamp="2025-08-29T19:07:29 AEST">
  <testcase classname="com.mycompany.selenium_automation_project.tests.SauceDemoAddToCartTest" name="TC_SD_004_addSingleItemToCart_shouldShowBadgeAndItemInCart" time="1.611"/>
  <testcase classname="com.mycompany.selenium_automation_project.tests.SauceDemoAddToCartTest" name="TC_SD_005_removeItemFromCart_shouldEmptyCartAndHideBadge" time="1.714"/>
  <testcase classname="com.mycompany.selenium_automation_project.tests.SauceDemoCartPersistenceTest" name="TC_SD_008_cartStatePersistsAfterNavigation" time="1.967"/>
  <testcase classname="com.mycompany.selenium_automation_project.tests.SauceDemoCheckoutNegativeTest" name="TC_SD_006_Negative_missingFirstName_showsError" time="1.834"/>
  <testcase classname="com.mycompany.selenium_automation_project.tests.SauceDemoCheckoutNegativeTest" name="TC_SD_006_Negative_missingLastName_showsError" time="2.369"/>
  <testcase classname="com.mycompany.selenium_automation_project.tests.SauceDemoCheckoutNegativeTest" name="TC_SD_006_Negative_missingPostalCode_showsError" time="2.162"/>
  <testcase classname="com.mycompany.selenium_automation_project.tests.SauceDemoCheckoutTest" name="TC_SD_006_completeCheckoutFlow" time="1.917"/>
  <testcase classname="com.mycompany.selenium_automation_project.tests.SauceDemoLoginInvalidTest" name="TC_SD_002_loginWithInvalidPassword_shouldShowErrorAndStayOnLogin" time="1.327"/>
  <testcase classname="com.mycompany.selenium_automation_project.tests.SauceDemoLoginLockedOutTest" name="TC_SD_003_loginWithLockedOutUser_shouldShowLockedOutError" time="1.55"/>
  <testcase classname="com.mycompany.selenium_automation_project.tests.SauceDemoLoginValidTest" name="TC_SD_001_loginWithValidCredentials_shouldNavigateToProducts" time="1.222"/>
  <testcase classname="com.mycompany.selenium_automation_project.tests.SauceDemoLogoutProtectionTest" name="TC_SD_009_logoutAndAccessProtection" time="2.244"/>
  <testcase classname="com.mycompany.selenium_automation_project.tests.SauceDemoProductDetailsTest" name="TC_SD_010_productDetailsAndBack" time="1.604"/>
  <testcase classname="com.mycompany.selenium_automation_project.tests.SauceDemoSortTest" name="TC_SD_007_sortByPriceLowToHigh" time="1.499"/>
</testsuite> <!-- All Tests -->
