<?xml version="1.0" encoding="UTF-8"?>
<!-- Generated by org.testng.reporters.JUnitXMLReporter -->
<testsuite ignored="11" hostname="DESKTOP-NGCGI2U" failures="1" tests="15" name="All Tests" time="44.109" errors="0" timestamp="2025-10-08T21:40:17 AEDT">
  <testcase classname="com.mycompany.selenium_automation_project.tests.SauceDemoAddToCartTest" name="TC_SD_004_addSingleItemToCart_shouldShowBadgeAndItemInCart" time="2.021"/>
  <testcase classname="com.mycompany.selenium_automation_project.tests.SauceDemoAddToCartTest" name="TC_SD_005_removeItemFromCart_shouldEmptyCartAndHideBadge" time="1.697">
    <failure type="java.lang.AssertionError" message="Precondition failed expected [2] but found [1]">
      <![CDATA[java.lang.AssertionError: Precondition failed expected [2] but found [1]
at com.mycompany.selenium_automation_project.tests.SauceDemoAddToCartTest.TC_SD_005_removeItemFromCart_shouldEmptyCartAndHideBadge(SauceDemoAddToCartTest.java:82)
at java.base/java.util.ArrayList.forEach(ArrayList.java:1597)
... Removed 34 stack frames]]>
    </failure>
  </testcase> <!-- TC_SD_005_removeItemFromCart_shouldEmptyCartAndHideBadge -->
  <testcase classname="com.mycompany.selenium_automation_project.tests.SauceDemoCartPersistenceTest" name="TC_SD_008_cartStatePersistsAfterNavigation" time="1.819"/>
  <testcase classname="com.mycompany.selenium_automation_project.tests.SauceDemoCheckoutNegativeTest" name="TC_SD_006_Negative_missingFirstName_showsError" time="1.965"/>
  <testcase classname="com.mycompany.selenium_automation_project.tests.SauceDemoCheckoutNegativeTest" name="TC_SD_006_Negative_missingLastName_showsError" time="2.179"/>
  <testcase classname="com.mycompany.selenium_automation_project.tests.SauceDemoCheckoutNegativeTest" name="TC_SD_006_Negative_missingPostalCode_showsError" time="2.167"/>
  <testcase classname="com.mycompany.selenium_automation_project.tests.SauceDemoCheckoutTest" name="TC_SD_006_completeCheckoutFlow" time="2.161"/>
  <testcase classname="com.mycompany.selenium_automation_project.tests.SauceDemoCheckoutTotalsTest" name="TC_SD_012_verifyTotalsAndTaxOnOverview" time="2.333"/>
  <testcase classname="com.mycompany.selenium_automation_project.tests.SauceDemoLoginInvalidTest" name="TC_SD_002_loginWithInvalidPassword_shouldShowErrorAndStayOnLogin" time="1.493"/>
  <testcase classname="com.mycompany.selenium_automation_project.tests.SauceDemoLoginLockedOutTest" name="TC_SD_003_loginWithLockedOutUser_shouldShowLockedOutError" time="1.429"/>
  <testcase classname="com.mycompany.selenium_automation_project.tests.SauceDemoLoginValidTest" name="TC_SD_001_loginWithValidCredentials_shouldNavigateToProducts" time="1.266"/>
  <testcase classname="com.mycompany.selenium_automation_project.tests.SauceDemoLogoutProtectionTest" name="TC_SD_009_logoutAndAccessProtection" time="2.379"/>
  <testcase classname="com.mycompany.selenium_automation_project.tests.SauceDemoProductDetailsTest" name="TC_SD_010_productDetailsAndBack" time="1.603"/>
  <testcase classname="com.mycompany.selenium_automation_project.tests.SauceDemoSortByNameAToZTest" name="TC_SD_011_sortProductsByNameAToZ" time="1.417"/>
  <testcase classname="com.mycompany.selenium_automation_project.tests.SauceDemoSortTest" name="TC_SD_007_sortByPriceLowToHigh" time="1.511"/>
  <testcase classname="com.mycompany.selenium_automation_project.base.BaseTest" name="@BeforeSuite writeAllureEnvironment" time="0.0">
    <ignored/>
  </testcase> <!-- @BeforeSuite writeAllureEnvironment -->
  <testcase classname="com.mycompany.selenium_automation_project.base.BaseTest" name="@BeforeSuite writeAllureEnvironment" time="0.0">
    <ignored/>
  </testcase> <!-- @BeforeSuite writeAllureEnvironment -->
  <testcase classname="com.mycompany.selenium_automation_project.base.BaseTest" name="@BeforeSuite writeAllureEnvironment" time="0.0">
    <ignored/>
  </testcase> <!-- @BeforeSuite writeAllureEnvironment -->
  <testcase classname="com.mycompany.selenium_automation_project.base.BaseTest" name="@BeforeSuite writeAllureEnvironment" time="0.0">
    <ignored/>
  </testcase> <!-- @BeforeSuite writeAllureEnvironment -->
  <testcase classname="com.mycompany.selenium_automation_project.base.BaseTest" name="@BeforeSuite writeAllureEnvironment" time="0.0">
    <ignored/>
  </testcase> <!-- @BeforeSuite writeAllureEnvironment -->
  <testcase classname="com.mycompany.selenium_automation_project.base.BaseTest" name="@BeforeSuite writeAllureEnvironment" time="0.0">
    <ignored/>
  </testcase> <!-- @BeforeSuite writeAllureEnvironment -->
  <testcase classname="com.mycompany.selenium_automation_project.base.BaseTest" name="@BeforeSuite writeAllureEnvironment" time="0.0">
    <ignored/>
  </testcase> <!-- @BeforeSuite writeAllureEnvironment -->
  <testcase classname="com.mycompany.selenium_automation_project.base.BaseTest" name="@BeforeSuite writeAllureEnvironment" time="0.0">
    <ignored/>
  </testcase> <!-- @BeforeSuite writeAllureEnvironment -->
  <testcase classname="com.mycompany.selenium_automation_project.base.BaseTest" name="@BeforeSuite writeAllureEnvironment" time="0.0">
    <ignored/>
  </testcase> <!-- @BeforeSuite writeAllureEnvironment -->
  <testcase classname="com.mycompany.selenium_automation_project.base.BaseTest" name="@BeforeSuite writeAllureEnvironment" time="0.0">
    <ignored/>
  </testcase> <!-- @BeforeSuite writeAllureEnvironment -->
  <testcase classname="com.mycompany.selenium_automation_project.base.BaseTest" name="@BeforeSuite writeAllureEnvironment" time="0.0">
    <ignored/>
  </testcase> <!-- @BeforeSuite writeAllureEnvironment -->
</testsuite> <!-- All Tests -->
