<?xml version="1.0" encoding="UTF-8"?>
<testng-results ignored="0" total="2" passed="2" failed="0" skipped="0">
  <reporter-output>
  </reporter-output>
  <suite started-at="2025-08-26T21:43:42 AEST" name="My Automation Suite" finished-at="2025-08-26T21:43:51 AEST" duration-ms="9007">
    <groups>
    </groups>
    <test started-at="2025-08-26T21:43:42 AEST" name="Cart Functionality Test" finished-at="2025-08-26T21:43:51 AEST" duration-ms="9007">
      <class name="com.mycompany.selenium_automation_project.tests.SauceDemoAddToCartTest">
        <test-method is-config="true" signature="setUp()[pri:0, instance:com.mycompany.selenium_automation_project.tests.SauceDemoAddToCartTest@72cc7e6f]" started-at="2025-08-26T21:43:43 AEST" name="setUp" finished-at="2025-08-26T21:43:47 AEST" duration-ms="4135" status="PASS">
          <reporter-output>
          </reporter-output>
        </test-method> <!-- setUp -->
        <test-method signature="addSingleItemToCart_shouldShowBadgeAndItemInCart()[pri:0, instance:com.mycompany.selenium_automation_project.tests.SauceDemoAddToCartTest@72cc7e6f]" started-at="2025-08-26T21:43:47 AEST" name="addSingleItemToCart_shouldShowBadgeAndItemInCart" finished-at="2025-08-26T21:43:49 AEST" duration-ms="2082" status="PASS">
          <reporter-output>
          </reporter-output>
        </test-method> <!-- addSingleItemToCart_shouldShowBadgeAndItemInCart -->
        <test-method is-config="true" signature="tearDown()[pri:0, instance:com.mycompany.selenium_automation_project.tests.SauceDemoAddToCartTest@72cc7e6f]" started-at="2025-08-26T21:43:49 AEST" name="tearDown" finished-at="2025-08-26T21:43:49 AEST" duration-ms="137" status="PASS">
          <reporter-output>
          </reporter-output>
        </test-method> <!-- tearDown -->
        <test-method is-config="true" signature="setUp()[pri:0, instance:com.mycompany.selenium_automation_project.tests.SauceDemoAddToCartTest@72cc7e6f]" started-at="2025-08-26T21:43:49 AEST" name="setUp" finished-at="2025-08-26T21:43:50 AEST" duration-ms="680" status="PASS">
          <reporter-output>
          </reporter-output>
        </test-method> <!-- setUp -->
        <test-method signature="removeItemFromCart_shouldEmptyCartAndHideBadge()[pri:0, instance:com.mycompany.selenium_automation_project.tests.SauceDemoAddToCartTest@72cc7e6f]" started-at="2025-08-26T21:43:50 AEST" name="removeItemFromCart_shouldEmptyCartAndHideBadge" finished-at="2025-08-26T21:43:51 AEST" duration-ms="1696" status="PASS">
          <reporter-output>
          </reporter-output>
        </test-method> <!-- removeItemFromCart_shouldEmptyCartAndHideBadge -->
        <test-method is-config="true" signature="tearDown()[pri:0, instance:com.mycompany.selenium_automation_project.tests.SauceDemoAddToCartTest@72cc7e6f]" started-at="2025-08-26T21:43:51 AEST" name="tearDown" finished-at="2025-08-26T21:43:51 AEST" duration-ms="128" status="PASS">
          <reporter-output>
          </reporter-output>
        </test-method> <!-- tearDown -->
      </class> <!-- com.mycompany.selenium_automation_project.tests.SauceDemoAddToCartTest -->
    </test> <!-- Cart Functionality Test -->
  </suite> <!-- My Automation Suite -->
</testng-results>
