<?xml version="1.0" encoding="UTF-8"?>
<testng-results ignored="0" total="1" passed="1" failed="0" skipped="0">
  <reporter-output>
  </reporter-output>
  <suite started-at="2025-08-28T12:29:04 AEST" name="My Automation Suite" finished-at="2025-08-28T12:29:08 AEST" duration-ms="4188">
    <groups>
    </groups>
    <test started-at="2025-08-28T12:29:04 AEST" name="Cart Functionality Test" finished-at="2025-08-28T12:29:08 AEST" duration-ms="4188">
      <class name="com.mycompany.selenium_automation_project.tests.SauceDemoCheckoutTest">
        <test-method is-config="true" signature="setUp()[pri:0, instance:com.mycompany.selenium_automation_project.tests.SauceDemoCheckoutTest@5f049ea1]" started-at="2025-08-28T12:29:04 AEST" name="setUp" finished-at="2025-08-28T12:29:06 AEST" duration-ms="1906" status="PASS">
          <reporter-output>
          </reporter-output>
        </test-method> <!-- setUp -->
        <test-method signature="TC_SD_006_completeCheckoutFlow()[pri:0, instance:com.mycompany.selenium_automation_project.tests.SauceDemoCheckoutTest@5f049ea1]" started-at="2025-08-28T12:29:06 AEST" name="TC_SD_006_completeCheckoutFlow" finished-at="2025-08-28T12:29:08 AEST" duration-ms="1966" status="PASS">
          <reporter-output>
          </reporter-output>
        </test-method> <!-- TC_SD_006_completeCheckoutFlow -->
        <test-method is-config="true" signature="tearDown()[pri:0, instance:com.mycompany.selenium_automation_project.tests.SauceDemoCheckoutTest@5f049ea1]" started-at="2025-08-28T12:29:08 AEST" name="tearDown" finished-at="2025-08-28T12:29:08 AEST" duration-ms="141" status="PASS">
          <reporter-output>
          </reporter-output>
        </test-method> <!-- tearDown -->
      </class> <!-- com.mycompany.selenium_automation_project.tests.SauceDemoCheckoutTest -->
    </test> <!-- Cart Functionality Test -->
  </suite> <!-- My Automation Suite -->
</testng-results>
