<?xml version="1.0" encoding="UTF-8"?>
<!-- Generated by org.testng.reporters.JUnitXMLReporter -->
<testsuite ignored="0" hostname="DESKTOP-NGCGI2U" failures="1" tests="3" name="SanityTests" time="20.81" errors="0" timestamp="2025-08-20T19:25:06 AEST">
  <testcase classname="com.mycompany.selenium_automation_project.ShopTests" name="addProductToCart" time="5.735">
    <failure type="java.lang.AssertionError" message="Product should be present in the cart expected [true] but found [false]">
      <![CDATA[java.lang.AssertionError: Product should be present in the cart expected [true] but found [false]
at com.mycompany.selenium_automation_project.ShopTests.addProductToCart(ShopTests.java:44)
at java.base/java.util.ArrayList.forEach(ArrayList.java:1596)
... Removed 32 stack frames]]>
    </failure>
  </testcase> <!-- addProductToCart -->
  <testcase classname="com.mycompany.selenium_automation_project.ShopTests" name="homePageTitle" time="5.127"/>
  <testcase classname="com.mycompany.selenium_automation_project.ShopTests" name="searchShouldReturnResults" time="5.741"/>
</testsuite> <!-- SanityTests -->
