<?xml version="1.0" encoding="UTF-8"?>
<!-- Generated by org.testng.reporters.JUnitReportReporter -->
<testsuite hostname="DESKTOP-NGCGI2U" failures="0" tests="1" name="com.mycompany.selenium_automation_project.tests.SauceDemoSortTest" time="2.362" errors="0" timestamp="2025-10-08T21:40:17 AEDT" skipped="0">
  <testcase classname="com.mycompany.selenium_automation_project.tests.SauceDemoSortTest" name="TC_SD_007_sortByPriceLowToHigh" time="2.362"/>
</testsuite> <!-- com.mycompany.selenium_automation_project.tests.SauceDemoSortTest -->
