<?xml version="1.0" encoding="UTF-8"?>
<!-- Generated by org.testng.reporters.JUnitReportReporter -->
<testsuite hostname="DESKTOP-NGCGI2U" failures="0" tests="1" name="com.mycompany.selenium_automation_project.tests.SauceDemoProductDetailsTest" time="2.828" errors="0" timestamp="2025-10-09T17:51:39 AEDT" skipped="0">
  <testcase classname="com.mycompany.selenium_automation_project.tests.SauceDemoProductDetailsTest" name="TC_SD_010_productDetailsAndBack" time="2.828"/>
</testsuite> <!-- com.mycompany.selenium_automation_project.tests.SauceDemoProductDetailsTest -->
