<?xml version="1.0" encoding="UTF-8"?>
<!-- Generated by org.testng.reporters.JUnitReportReporter -->
<testsuite hostname="DESKTOP-NGCGI2U" failures="0" tests="2" name="com.mycompany.selenium_automation_project.tests.SauceDemoAddToCartTest" time="9.467" errors="0" timestamp="2025-10-09T17:51:39 AEDT" skipped="0">
  <testcase classname="com.mycompany.selenium_automation_project.tests.SauceDemoAddToCartTest" name="TC_SD_004_addSingleItemToCart_shouldShowBadgeAndItemInCart" time="5.681"/>
  <testcase classname="com.mycompany.selenium_automation_project.tests.SauceDemoAddToCartTest" name="TC_SD_005_removeItemFromCart_shouldEmptyCartAndHideBadge" time="3.786"/>
</testsuite> <!-- com.mycompany.selenium_automation_project.tests.SauceDemoAddToCartTest -->
