<?xml version="1.0" encoding="UTF-8"?>
<!-- Generated by org.testng.reporters.JUnitReportReporter -->
<testsuite hostname="DESKTOP-NGCGI2U" failures="0" tests="1" name="com.mycompany.selenium_automation_project.tests.SauceDemoCheckoutTest" time="2.722" errors="0" timestamp="2025-08-29T19:07:29 AEST" skipped="0">
  <testcase classname="com.mycompany.selenium_automation_project.tests.SauceDemoCheckoutTest" name="TC_SD_006_completeCheckoutFlow" time="2.722"/>
</testsuite> <!-- com.mycompany.selenium_automation_project.tests.SauceDemoCheckoutTest -->
