<?xml version="1.0" encoding="UTF-8"?>
<!-- Generated by org.testng.reporters.JUnitReportReporter -->
<testsuite hostname="DESKTOP-NGCGI2U" failures="0" tests="1" name="com.mycompany.selenium_automation_project.tests.SauceDemoLoginLockedOutTest" time="2.062" errors="0" timestamp="2025-08-29T14:27:48 AEST" skipped="0">
  <testcase classname="com.mycompany.selenium_automation_project.tests.SauceDemoLoginLockedOutTest" name="TC_SD_003_loginWithLockedOutUser_shouldShowLockedOutError" time="2.062"/>
</testsuite> <!-- com.mycompany.selenium_automation_project.tests.SauceDemoLoginLockedOutTest -->
