<?xml version="1.0" encoding="UTF-8"?>
<!-- Generated by org.testng.reporters.JUnitReportReporter -->
<testsuite hostname="DESKTOP-NGCGI2U" failures="0" tests="2" name="com.mycompany.selenium_automation_project.SanityTests" time="8.520" errors="0" timestamp="2025-08-20T18:47:17 AEST" skipped="0">
  <testcase classname="com.mycompany.selenium_automation_project.SanityTests" name="sanity" time="1.130"/>
  <testcase classname="com.mycompany.selenium_automation_project.SanityTests" name="testHomePageTitle" time="7.390"/>
</testsuite> <!-- com.mycompany.selenium_automation_project.SanityTests -->
