<?xml version="1.0" encoding="UTF-8"?>
<!-- Generated by org.testng.reporters.JUnitReportReporter -->
<testsuite hostname="DESKTOP-NGCGI2U" failures="0" tests="3" name="com.mycompany.selenium_automation_project.tests.SauceDemoCheckoutNegativeTest" time="8.463" errors="0" timestamp="2025-08-29T20:46:22 AEST" skipped="0">
  <testcase classname="com.mycompany.selenium_automation_project.tests.SauceDemoCheckoutNegativeTest" name="TC_SD_006_Negative_missingFirstName_showsError" time="2.850"/>
  <testcase classname="com.mycompany.selenium_automation_project.tests.SauceDemoCheckoutNegativeTest" name="TC_SD_006_Negative_missingLastName_showsError" time="2.782"/>
  <testcase classname="com.mycompany.selenium_automation_project.tests.SauceDemoCheckoutNegativeTest" name="TC_SD_006_Negative_missingPostalCode_showsError" time="2.831"/>
</testsuite> <!-- com.mycompany.selenium_automation_project.tests.SauceDemoCheckoutNegativeTest -->
