<?xml version="1.0" encoding="UTF-8"?>
<!-- Generated by org.testng.reporters.JUnitReportReporter -->
<testsuite hostname="DESKTOP-NGCGI2U" failures="0" tests="1" name="com.mycompany.selenium_automation_project.tests.SauceDemoCheckoutTest" time="5.332" errors="0" timestamp="2025-09-26T21:06:47 AEST" skipped="0">
  <testcase classname="com.mycompany.selenium_automation_project.tests.SauceDemoCheckoutTest" name="TC_SD_006_completeCheckoutFlow" time="5.332"/>
</testsuite> <!-- com.mycompany.selenium_automation_project.tests.SauceDemoCheckoutTest -->
