<?xml version="1.0" encoding="UTF-8"?>
<!-- Generated by org.testng.reporters.JUnitReportReporter -->
<testsuite hostname="DESKTOP-NGCGI2U" failures="0" tests="1" name="com.mycompany.selenium_automation_project.SauceDemoLoginValidTest" time="4.519" errors="0" timestamp="2025-08-21T17:55:44 AEST" skipped="0">
  <testcase classname="com.mycompany.selenium_automation_project.SauceDemoLoginValidTest" name="loginWithValidCredentials_shouldNavigateToProducts" time="4.519"/>
</testsuite> <!-- com.mycompany.selenium_automation_project.SauceDemoLoginValidTest -->
