<?xml version="1.0" encoding="UTF-8"?>
<!-- Generated by org.testng.reporters.JUnitReportReporter -->
<testsuite hostname="DESKTOP-NGCGI2U" failures="0" tests="1" name="com.mycompany.selenium_automation_project.tests.SauceDemoProductDetailsTest" time="2.417" errors="0" timestamp="2025-08-29T19:30:14 AEST" skipped="0">
  <testcase classname="com.mycompany.selenium_automation_project.tests.SauceDemoProductDetailsTest" name="TC_SD_010_productDetailsAndBack" time="2.417"/>
</testsuite> <!-- com.mycompany.selenium_automation_project.tests.SauceDemoProductDetailsTest -->
