<?xml version="1.0" encoding="UTF-8"?>
<!-- Generated by org.testng.reporters.JUnitReportReporter -->
<testsuite hostname="DESKTOP-NGCGI2U" failures="0" tests="1" name="com.mycompany.selenium_automation_project.tests.SauceDemoSortByNameAToZTest" time="2.647" errors="0" timestamp="2025-10-09T17:51:39 AEDT" skipped="0">
  <testcase classname="com.mycompany.selenium_automation_project.tests.SauceDemoSortByNameAToZTest" name="TC_SD_011_sortProductsByNameAToZ" time="2.647"/>
</testsuite> <!-- com.mycompany.selenium_automation_project.tests.SauceDemoSortByNameAToZTest -->
