<?xml version="1.0" encoding="UTF-8"?>
<!-- Generated by org.testng.reporters.JUnitReportReporter -->
<testsuite hostname="DESKTOP-NGCGI2U" failures="0" tests="1" name="com.mycompany.selenium_automation_project.tests.SauceDemoSortByNameAToZTest" time="12.781" errors="0" timestamp="2025-10-07T12:56:37 AEDT" skipped="0">
  <testcase classname="com.mycompany.selenium_automation_project.tests.SauceDemoSortByNameAToZTest" name="TC_SD_011_sortProductsByNameAToZ" time="12.781"/>
</testsuite> <!-- com.mycompany.selenium_automation_project.tests.SauceDemoSortByNameAToZTest -->
