<?xml version="1.0" encoding="UTF-8"?>
<!-- Generated by org.testng.reporters.JUnitReportReporter -->
<testsuite hostname="DESKTOP-NGCGI2U" failures="0" tests="2" name="com.mycompany.selenium_automation_project.tests.SauceDemoAddToCartTest" time="6.909" errors="0" timestamp="2025-08-26T20:22:23 AEST" skipped="0">
  <testcase classname="com.mycompany.selenium_automation_project.tests.SauceDemoAddToCartTest" name="addSingleItemToCart_shouldShowBadgeAndItemInCart" time="2.611"/>
  <testcase classname="com.mycompany.selenium_automation_project.tests.SauceDemoAddToCartTest" name="removeItemFromCart_shouldEmptyCartAndHideBadge" time="4.298"/>
</testsuite> <!-- com.mycompany.selenium_automation_project.tests.SauceDemoAddToCartTest -->
