<?xml version="1.0" encoding="UTF-8"?>
<!-- Generated by org.testng.reporters.JUnitReportReporter -->
<testsuite hostname="DESKTOP-NGCGI2U" failures="0" tests="1" name="com.mycompany.selenium_automation_project.tests.SauceDemoCartPersistenceTest" time="2.766" errors="0" timestamp="2025-08-29T14:27:48 AEST" skipped="0">
  <testcase classname="com.mycompany.selenium_automation_project.tests.SauceDemoCartPersistenceTest" name="TC_SD_008_cartStatePersistsAfterNavigation" time="2.766"/>
</testsuite> <!-- com.mycompany.selenium_automation_project.tests.SauceDemoCartPersistenceTest -->
