<?xml version="1.0" encoding="UTF-8"?>
<!-- Generated by org.testng.reporters.JUnitReportReporter -->
<testsuite hostname="DESKTOP-NGCGI2U" failures="0" tests="1" name="com.mycompany.selenium_automation_project.tests.SauceDemoLogoutProtectionTest" time="3.890" errors="0" timestamp="2025-10-09T17:51:39 AEDT" skipped="0">
  <testcase classname="com.mycompany.selenium_automation_project.tests.SauceDemoLogoutProtectionTest" name="TC_SD_009_logoutAndAccessProtection" time="3.890"/>
</testsuite> <!-- com.mycompany.selenium_automation_project.tests.SauceDemoLogoutProtectionTest -->
