<?xml version="1.0" encoding="UTF-8"?>
<!-- Generated by org.testng.reporters.JUnitReportReporter -->
<testsuite hostname="DESKTOP-NGCGI2U" failures="0" tests="1" name="com.mycompany.selenium_automation_project.tests.SauceDemoLoginValidTest" time="6.326" errors="0" timestamp="2025-08-21T18:22:11 AEST" skipped="0">
  <testcase classname="com.mycompany.selenium_automation_project.tests.SauceDemoLoginValidTest" name="loginWithValidCredentials_shouldNavigateToProducts" time="6.326"/>
</testsuite> <!-- com.mycompany.selenium_automation_project.tests.SauceDemoLoginValidTest -->
