<?xml version="1.0" encoding="UTF-8"?>
<!-- Generated by org.testng.reporters.JUnitReportReporter -->
<testsuite hostname="DESKTOP-NGCGI2U" failures="0" tests="1" name="com.mycompany.selenium_automation_project.tests.SauceDemoLoginLockedOutTest" time="4.472" errors="0" timestamp="2025-09-26T21:06:47 AEST" skipped="0">
  <testcase classname="com.mycompany.selenium_automation_project.tests.SauceDemoLoginLockedOutTest" name="TC_SD_003_loginWithLockedOutUser_shouldShowLockedOutError" time="4.472"/>
</testsuite> <!-- com.mycompany.selenium_automation_project.tests.SauceDemoLoginLockedOutTest -->
